#! /c/Source/iverilog-install/bin/vvp
:ivl_version "12.0 (devel)" "(s20150603-1539-g2693dd32b)";
:ivl_delay_selection "TYPICAL";
:vpi_time_precision + 0;
:vpi_module "C:\iverilog\lib\ivl\system.vpi";
:vpi_module "C:\iverilog\lib\ivl\vhdl_sys.vpi";
:vpi_module "C:\iverilog\lib\ivl\vhdl_textio.vpi";
:vpi_module "C:\iverilog\lib\ivl\v2005_math.vpi";
:vpi_module "C:\iverilog\lib\ivl\va_math.vpi";
S_00000294e0386cb0 .scope module, "bist_controlpath" "bist_controlpath" 2 1;
 .timescale 0 0;
    .port_info 0 /INPUT 1 "clk";
    .port_info 1 /INPUT 1 "rst";
    .port_info 2 /INPUT 2 "mode";
    .port_info 3 /OUTPUT 1 "ring_counter_enable";
    .port_info 4 /OUTPUT 1 "johnson_counter_enable";
    .port_info 5 /OUTPUT 1 "lfsr_enable";
P_00000294e0386e40 .param/l "idle" 0 2 12, C4<00>;
P_00000294e0386e78 .param/l "johnson_counter" 0 2 14, C4<10>;
P_00000294e0386eb0 .param/l "lfsr" 0 2 15, C4<11>;
P_00000294e0386ee8 .param/l "ring_counter" 0 2 13, C4<01>;
v00000294e0386f30_0 .var "NS", 1 0;
v00000294e038bf30_0 .var "PS", 1 0;
o00000294e0295038 .functor BUFZ 1, C4<z>; HiZ drive
v00000294e0283260_0 .net "clk", 0 0, o00000294e0295038;  0 drivers
v00000294e0283300_0 .var "johnson_counter_enable", 0 0;
v00000294e02833a0_0 .var "lfsr_enable", 0 0;
o00000294e02950c8 .functor BUFZ 2, C4<zz>; HiZ drive
v00000294e0283440_0 .net "mode", 1 0, o00000294e02950c8;  0 drivers
v00000294e02834e0_0 .var "ring_counter_enable", 0 0;
o00000294e0295128 .functor BUFZ 1, C4<z>; HiZ drive
v00000294e0283580_0 .net "rst", 0 0, o00000294e0295128;  0 drivers
E_00000294e0389440 .event anyedge, v00000294e038bf30_0;
E_00000294e0389c40 .event anyedge, v00000294e0283440_0, v00000294e038bf30_0;
E_00000294e0389dc0 .event posedge, v00000294e0283260_0;
    .scope S_00000294e0386cb0;
T_0 ;
    %wait E_00000294e0389dc0;
    %load/vec4 v00000294e0283580_0;
    %flag_set/vec4 8;
    %jmp/0xz  T_0.0, 8;
    %pushi/vec4 0, 0, 2;
    %assign/vec4 v00000294e038bf30_0, 0;
    %jmp T_0.1;
T_0.0 ;
    %load/vec4 v00000294e0386f30_0;
    %assign/vec4 v00000294e038bf30_0, 0;
T_0.1 ;
    %jmp T_0;
    .thread T_0;
    .scope S_00000294e0386cb0;
T_1 ;
    %wait E_00000294e0389c40;
    %load/vec4 v00000294e038bf30_0;
    %dup/vec4;
    %pushi/vec4 0, 0, 2;
    %cmp/u;
    %jmp/1 T_1.0, 6;
    %dup/vec4;
    %pushi/vec4 1, 0, 2;
    %cmp/u;
    %jmp/1 T_1.1, 6;
    %dup/vec4;
    %pushi/vec4 2, 0, 2;
    %cmp/u;
    %jmp/1 T_1.2, 6;
    %dup/vec4;
    %pushi/vec4 3, 0, 2;
    %cmp/u;
    %jmp/1 T_1.3, 6;
    %pushi/vec4 0, 0, 2;
    %store/vec4 v00000294e0386f30_0, 0, 2;
    %jmp T_1.5;
T_1.0 ;
    %load/vec4 v00000294e0283440_0;
    %cmpi/e 1, 0, 2;
    %jmp/0xz  T_1.6, 4;
    %pushi/vec4 1, 0, 2;
    %store/vec4 v00000294e0386f30_0, 0, 2;
    %jmp T_1.7;
T_1.6 ;
    %load/vec4 v00000294e0283440_0;
    %cmpi/e 2, 0, 2;
    %jmp/0xz  T_1.8, 4;
    %pushi/vec4 2, 0, 2;
    %store/vec4 v00000294e0386f30_0, 0, 2;
    %jmp T_1.9;
T_1.8 ;
    %load/vec4 v00000294e0283440_0;
    %cmpi/e 3, 0, 2;
    %jmp/0xz  T_1.10, 4;
    %pushi/vec4 3, 0, 2;
    %store/vec4 v00000294e0386f30_0, 0, 2;
    %jmp T_1.11;
T_1.10 ;
    %pushi/vec4 0, 0, 2;
    %store/vec4 v00000294e0386f30_0, 0, 2;
T_1.11 ;
T_1.9 ;
T_1.7 ;
    %jmp T_1.5;
T_1.1 ;
    %load/vec4 v00000294e0283440_0;
    %cmpi/e 0, 0, 2;
    %jmp/0xz  T_1.12, 4;
    %pushi/vec4 0, 0, 2;
    %store/vec4 v00000294e0386f30_0, 0, 2;
    %jmp T_1.13;
T_1.12 ;
    %load/vec4 v00000294e0283440_0;
    %cmpi/e 3, 0, 2;
    %jmp/0xz  T_1.14, 4;
    %pushi/vec4 3, 0, 2;
    %store/vec4 v00000294e0386f30_0, 0, 2;
    %jmp T_1.15;
T_1.14 ;
    %load/vec4 v00000294e0283440_0;
    %cmpi/e 2, 0, 2;
    %jmp/0xz  T_1.16, 4;
    %pushi/vec4 2, 0, 2;
    %store/vec4 v00000294e0386f30_0, 0, 2;
    %jmp T_1.17;
T_1.16 ;
    %pushi/vec4 1, 0, 2;
    %store/vec4 v00000294e0386f30_0, 0, 2;
T_1.17 ;
T_1.15 ;
T_1.13 ;
    %jmp T_1.5;
T_1.2 ;
    %load/vec4 v00000294e0283440_0;
    %cmpi/e 1, 0, 2;
    %jmp/0xz  T_1.18, 4;
    %pushi/vec4 1, 0, 2;
    %store/vec4 v00000294e0386f30_0, 0, 2;
    %jmp T_1.19;
T_1.18 ;
    %load/vec4 v00000294e0283440_0;
    %cmpi/e 0, 0, 2;
    %jmp/0xz  T_1.20, 4;
    %pushi/vec4 0, 0, 2;
    %store/vec4 v00000294e0386f30_0, 0, 2;
    %jmp T_1.21;
T_1.20 ;
    %load/vec4 v00000294e0283440_0;
    %cmpi/e 3, 0, 2;
    %jmp/0xz  T_1.22, 4;
    %pushi/vec4 3, 0, 2;
    %store/vec4 v00000294e0386f30_0, 0, 2;
    %jmp T_1.23;
T_1.22 ;
    %pushi/vec4 2, 0, 2;
    %store/vec4 v00000294e0386f30_0, 0, 2;
T_1.23 ;
T_1.21 ;
T_1.19 ;
    %jmp T_1.5;
T_1.3 ;
    %load/vec4 v00000294e0283440_0;
    %cmpi/e 1, 0, 2;
    %jmp/0xz  T_1.24, 4;
    %pushi/vec4 1, 0, 2;
    %store/vec4 v00000294e0386f30_0, 0, 2;
    %jmp T_1.25;
T_1.24 ;
    %load/vec4 v00000294e0283440_0;
    %cmpi/e 2, 0, 2;
    %jmp/0xz  T_1.26, 4;
    %pushi/vec4 2, 0, 2;
    %store/vec4 v00000294e0386f30_0, 0, 2;
    %jmp T_1.27;
T_1.26 ;
    %load/vec4 v00000294e0283440_0;
    %cmpi/e 0, 0, 2;
    %jmp/0xz  T_1.28, 4;
    %pushi/vec4 0, 0, 2;
    %store/vec4 v00000294e0386f30_0, 0, 2;
    %jmp T_1.29;
T_1.28 ;
    %pushi/vec4 3, 0, 2;
    %store/vec4 v00000294e0386f30_0, 0, 2;
T_1.29 ;
T_1.27 ;
T_1.25 ;
    %jmp T_1.5;
T_1.5 ;
    %pop/vec4 1;
    %jmp T_1;
    .thread T_1, $push;
    .scope S_00000294e0386cb0;
T_2 ;
    %wait E_00000294e0389440;
    %load/vec4 v00000294e038bf30_0;
    %cmpi/e 1, 0, 2;
    %jmp/0xz  T_2.0, 4;
    %pushi/vec4 1, 0, 1;
    %store/vec4 v00000294e02834e0_0, 0, 1;
    %pushi/vec4 0, 0, 1;
    %store/vec4 v00000294e0283300_0, 0, 1;
    %pushi/vec4 0, 0, 1;
    %store/vec4 v00000294e02833a0_0, 0, 1;
    %jmp T_2.1;
T_2.0 ;
    %load/vec4 v00000294e038bf30_0;
    %cmpi/e 2, 0, 2;
    %jmp/0xz  T_2.2, 4;
    %pushi/vec4 1, 0, 1;
    %store/vec4 v00000294e0283300_0, 0, 1;
    %pushi/vec4 0, 0, 1;
    %store/vec4 v00000294e02834e0_0, 0, 1;
    %pushi/vec4 0, 0, 1;
    %store/vec4 v00000294e02833a0_0, 0, 1;
    %jmp T_2.3;
T_2.2 ;
    %load/vec4 v00000294e038bf30_0;
    %cmpi/e 3, 0, 2;
    %jmp/0xz  T_2.4, 4;
    %pushi/vec4 1, 0, 1;
    %store/vec4 v00000294e02833a0_0, 0, 1;
    %pushi/vec4 0, 0, 1;
    %store/vec4 v00000294e02834e0_0, 0, 1;
    %pushi/vec4 0, 0, 1;
    %store/vec4 v00000294e0283300_0, 0, 1;
T_2.4 ;
T_2.3 ;
T_2.1 ;
    %jmp T_2;
    .thread T_2, $push;
# The file index is used to find the file name in the following table.
:file_names 3;
    "N/A";
    "<interactive>";
    "bist_control_path.v";
