#! /c/Source/iverilog-install/bin/vvp
:ivl_version "12.0 (devel)" "(s20150603-1539-g2693dd32b)";
:ivl_delay_selection "TYPICAL";
:vpi_time_precision - 12;
:vpi_module "C:\iverilog\lib\ivl\system.vpi";
:vpi_module "C:\iverilog\lib\ivl\vhdl_sys.vpi";
:vpi_module "C:\iverilog\lib\ivl\vhdl_textio.vpi";
:vpi_module "C:\iverilog\lib\ivl\v2005_math.vpi";
:vpi_module "C:\iverilog\lib\ivl\va_math.vpi";
S_000001ffdbd835d0 .scope module, "bist_topmodule" "bist_topmodule" 2 4;
 .timescale -9 -12;
    .port_info 0 /INPUT 1 "clk";
    .port_info 1 /INPUT 1 "rst";
    .port_info 2 /INPUT 2 "mode";
    .port_info 3 /OUTPUT 16 "led";
o000001ffdbd97018 .functor BUFZ 1, C4<z>; HiZ drive
v000001ffdbdec2c0_0 .net "clk", 0 0, o000001ffdbd97018;  0 drivers
v000001ffdbdecb80_0 .net "johnson_counter_enable", 0 0, v000001ffdbde9620_0;  1 drivers
v000001ffdbdeb500_0 .net "led", 15 0, v000001ffdbde93a0_0;  1 drivers
v000001ffdbdebb40_0 .net "lfsr_enable", 0 0, v000001ffdbde96c0_0;  1 drivers
o000001ffdbd970a8 .functor BUFZ 2, C4<zz>; HiZ drive
v000001ffdbdece00_0 .net "mode", 1 0, o000001ffdbd970a8;  0 drivers
v000001ffdbdebbe0_0 .net "ring_counter_enable", 0 0, v000001ffdbde9a80_0;  1 drivers
o000001ffdbd97108 .functor BUFZ 1, C4<z>; HiZ drive
v000001ffdbdec5e0_0 .net "rst", 0 0, o000001ffdbd97108;  0 drivers
S_000001ffdbd83760 .scope module, "inst1" "bist_controlpath" 2 15, 3 1 0, S_000001ffdbd835d0;
 .timescale -9 -12;
    .port_info 0 /INPUT 1 "clk";
    .port_info 1 /INPUT 1 "rst";
    .port_info 2 /INPUT 2 "mode";
    .port_info 3 /OUTPUT 1 "ring_counter_enable";
    .port_info 4 /OUTPUT 1 "johnson_counter_enable";
    .port_info 5 /OUTPUT 1 "lfsr_enable";
P_000001ffdbd87050 .param/l "idle" 0 3 12, C4<00>;
P_000001ffdbd87088 .param/l "johnson_counter" 0 3 14, C4<10>;
P_000001ffdbd870c0 .param/l "lfsr" 0 3 15, C4<11>;
P_000001ffdbd870f8 .param/l "ring_counter" 0 3 13, C4<01>;
v000001ffdbd87140_0 .var "NS", 1 0;
v000001ffdbde9d00_0 .var "PS", 1 0;
v000001ffdbde9940_0 .net "clk", 0 0, o000001ffdbd97018;  alias, 0 drivers
v000001ffdbde9620_0 .var "johnson_counter_enable", 0 0;
v000001ffdbde96c0_0 .var "lfsr_enable", 0 0;
v000001ffdbde94e0_0 .net "mode", 1 0, o000001ffdbd970a8;  alias, 0 drivers
v000001ffdbde9a80_0 .var "ring_counter_enable", 0 0;
v000001ffdbde9e40_0 .net "rst", 0 0, o000001ffdbd97108;  alias, 0 drivers
E_000001ffdbd6fb80 .event anyedge, v000001ffdbde9d00_0;
E_000001ffdbd6fd00 .event anyedge, v000001ffdbde94e0_0, v000001ffdbde9d00_0;
E_000001ffdbd70340 .event posedge, v000001ffdbde9940_0;
S_000001ffdbd871e0 .scope module, "inst2" "bist_datapath" 2 24, 4 5 0, S_000001ffdbd835d0;
 .timescale -9 -12;
    .port_info 0 /INPUT 1 "clk";
    .port_info 1 /INPUT 1 "rst";
    .port_info 2 /INPUT 2 "mode";
    .port_info 3 /INPUT 1 "ring_counter_enable";
    .port_info 4 /INPUT 1 "johnson_counter_enable";
    .port_info 5 /INPUT 1 "lfsr_enable";
    .port_info 6 /OUTPUT 16 "led";
v000001ffdbde9800_0 .net "C2", 15 0, v000001ffdbde98a0_0;  1 drivers
v000001ffdbde9300_0 .net "C3", 15 0, v000001ffdbde9760_0;  1 drivers
v000001ffdbde9b20_0 .net "C4", 15 0, v000001ffdbdea020_0;  1 drivers
v000001ffdbde9580_0 .net "clk", 0 0, o000001ffdbd97018;  alias, 0 drivers
v000001ffdbde9f80_0 .var "clk2", 0 0;
v000001ffdbde9da0_0 .var "clk3", 0 0;
v000001ffdbde9bc0_0 .var "clk4", 0 0;
v000001ffdbde9ee0_0 .net "johnson_counter_enable", 0 0, v000001ffdbde9620_0;  alias, 1 drivers
v000001ffdbde93a0_0 .var "led", 15 0;
v000001ffdbdec680_0 .net "lfsr_enable", 0 0, v000001ffdbde96c0_0;  alias, 1 drivers
v000001ffdbdeb780_0 .net "mode", 1 0, o000001ffdbd970a8;  alias, 0 drivers
v000001ffdbdeb8c0_0 .net "ring_counter_enable", 0 0, v000001ffdbde9a80_0;  alias, 1 drivers
v000001ffdbdecc20_0 .net "rst", 0 0, o000001ffdbd97108;  alias, 0 drivers
E_000001ffdbd70080 .event anyedge, v000001ffdbde9940_0;
E_000001ffdbd702c0/0 .event anyedge, v000001ffdbde94e0_0, v000001ffdbdea020_0, v000001ffdbde9760_0, v000001ffdbde98a0_0;
E_000001ffdbd702c0/1 .event anyedge, v000001ffdbde9e40_0;
E_000001ffdbd702c0 .event/or E_000001ffdbd702c0/0, E_000001ffdbd702c0/1;
S_000001ffdbd91910 .scope module, "instantiation" "ring_counter" 4 20, 5 2 0, S_000001ffdbd871e0;
 .timescale -9 -12;
    .port_info 0 /INPUT 1 "clk";
    .port_info 1 /INPUT 1 "rst";
    .port_info 2 /OUTPUT 16 "C1";
v000001ffdbde98a0_0 .var "C1", 15 0;
v000001ffdbde99e0_0 .net "clk", 0 0, v000001ffdbde9f80_0;  1 drivers
v000001ffdbde9c60_0 .net "rst", 0 0, o000001ffdbd97108;  alias, 0 drivers
E_000001ffdbd706c0 .event posedge, v000001ffdbde9e40_0, v000001ffdbde99e0_0;
S_000001ffdbd91aa0 .scope module, "instantiation2" "johnson_counter" 4 21, 6 2 0, S_000001ffdbd871e0;
 .timescale -9 -12;
    .port_info 0 /INPUT 1 "clk";
    .port_info 1 /INPUT 1 "rst";
    .port_info 2 /OUTPUT 16 "C2";
v000001ffdbde9760_0 .var "C2", 15 0;
v000001ffdbde9440_0 .net "clk", 0 0, v000001ffdbde9da0_0;  1 drivers
v000001ffdbde91c0_0 .net "rst", 0 0, o000001ffdbd97108;  alias, 0 drivers
E_000001ffdbd70840 .event posedge, v000001ffdbde9e40_0, v000001ffdbde9440_0;
S_000001ffdbd89010 .scope module, "instantiation3" "lfsr" 4 22, 7 2 0, S_000001ffdbd871e0;
 .timescale -9 -12;
    .port_info 0 /INPUT 1 "clk";
    .port_info 1 /INPUT 1 "rst";
    .port_info 2 /OUTPUT 16 "C3";
v000001ffdbdea020_0 .var "C3", 15 0;
v000001ffdbde9120_0 .net "clk", 0 0, v000001ffdbde9bc0_0;  1 drivers
v000001ffdbde9260_0 .net "rst", 0 0, o000001ffdbd97108;  alias, 0 drivers
E_000001ffdbd70600 .event posedge, v000001ffdbde9e40_0, v000001ffdbde9120_0;
    .scope S_000001ffdbd83760;
T_0 ;
    %wait E_000001ffdbd70340;
    %load/vec4 v000001ffdbde9e40_0;
    %flag_set/vec4 8;
    %jmp/0xz  T_0.0, 8;
    %pushi/vec4 0, 0, 2;
    %assign/vec4 v000001ffdbde9d00_0, 0;
    %jmp T_0.1;
T_0.0 ;
    %load/vec4 v000001ffdbd87140_0;
    %assign/vec4 v000001ffdbde9d00_0, 0;
T_0.1 ;
    %jmp T_0;
    .thread T_0;
    .scope S_000001ffdbd83760;
T_1 ;
    %wait E_000001ffdbd6fd00;
    %load/vec4 v000001ffdbde9d00_0;
    %dup/vec4;
    %pushi/vec4 0, 0, 2;
    %cmp/u;
    %jmp/1 T_1.0, 6;
    %dup/vec4;
    %pushi/vec4 1, 0, 2;
    %cmp/u;
    %jmp/1 T_1.1, 6;
    %dup/vec4;
    %pushi/vec4 2, 0, 2;
    %cmp/u;
    %jmp/1 T_1.2, 6;
    %dup/vec4;
    %pushi/vec4 3, 0, 2;
    %cmp/u;
    %jmp/1 T_1.3, 6;
    %pushi/vec4 0, 0, 2;
    %store/vec4 v000001ffdbd87140_0, 0, 2;
    %jmp T_1.5;
T_1.0 ;
    %load/vec4 v000001ffdbde94e0_0;
    %cmpi/e 1, 0, 2;
    %jmp/0xz  T_1.6, 4;
    %pushi/vec4 1, 0, 2;
    %store/vec4 v000001ffdbd87140_0, 0, 2;
    %jmp T_1.7;
T_1.6 ;
    %load/vec4 v000001ffdbde94e0_0;
    %cmpi/e 2, 0, 2;
    %jmp/0xz  T_1.8, 4;
    %pushi/vec4 2, 0, 2;
    %store/vec4 v000001ffdbd87140_0, 0, 2;
    %jmp T_1.9;
T_1.8 ;
    %load/vec4 v000001ffdbde94e0_0;
    %cmpi/e 3, 0, 2;
    %jmp/0xz  T_1.10, 4;
    %pushi/vec4 3, 0, 2;
    %store/vec4 v000001ffdbd87140_0, 0, 2;
    %jmp T_1.11;
T_1.10 ;
    %pushi/vec4 0, 0, 2;
    %store/vec4 v000001ffdbd87140_0, 0, 2;
T_1.11 ;
T_1.9 ;
T_1.7 ;
    %jmp T_1.5;
T_1.1 ;
    %load/vec4 v000001ffdbde94e0_0;
    %cmpi/e 0, 0, 2;
    %jmp/0xz  T_1.12, 4;
    %pushi/vec4 0, 0, 2;
    %store/vec4 v000001ffdbd87140_0, 0, 2;
    %jmp T_1.13;
T_1.12 ;
    %load/vec4 v000001ffdbde94e0_0;
    %cmpi/e 3, 0, 2;
    %jmp/0xz  T_1.14, 4;
    %pushi/vec4 3, 0, 2;
    %store/vec4 v000001ffdbd87140_0, 0, 2;
    %jmp T_1.15;
T_1.14 ;
    %load/vec4 v000001ffdbde94e0_0;
    %cmpi/e 2, 0, 2;
    %jmp/0xz  T_1.16, 4;
    %pushi/vec4 2, 0, 2;
    %store/vec4 v000001ffdbd87140_0, 0, 2;
    %jmp T_1.17;
T_1.16 ;
    %pushi/vec4 1, 0, 2;
    %store/vec4 v000001ffdbd87140_0, 0, 2;
T_1.17 ;
T_1.15 ;
T_1.13 ;
    %jmp T_1.5;
T_1.2 ;
    %load/vec4 v000001ffdbde94e0_0;
    %cmpi/e 1, 0, 2;
    %jmp/0xz  T_1.18, 4;
    %pushi/vec4 1, 0, 2;
    %store/vec4 v000001ffdbd87140_0, 0, 2;
    %jmp T_1.19;
T_1.18 ;
    %load/vec4 v000001ffdbde94e0_0;
    %cmpi/e 0, 0, 2;
    %jmp/0xz  T_1.20, 4;
    %pushi/vec4 0, 0, 2;
    %store/vec4 v000001ffdbd87140_0, 0, 2;
    %jmp T_1.21;
T_1.20 ;
    %load/vec4 v000001ffdbde94e0_0;
    %cmpi/e 3, 0, 2;
    %jmp/0xz  T_1.22, 4;
    %pushi/vec4 3, 0, 2;
    %store/vec4 v000001ffdbd87140_0, 0, 2;
    %jmp T_1.23;
T_1.22 ;
    %pushi/vec4 2, 0, 2;
    %store/vec4 v000001ffdbd87140_0, 0, 2;
T_1.23 ;
T_1.21 ;
T_1.19 ;
    %jmp T_1.5;
T_1.3 ;
    %load/vec4 v000001ffdbde94e0_0;
    %cmpi/e 1, 0, 2;
    %jmp/0xz  T_1.24, 4;
    %pushi/vec4 1, 0, 2;
    %store/vec4 v000001ffdbd87140_0, 0, 2;
    %jmp T_1.25;
T_1.24 ;
    %load/vec4 v000001ffdbde94e0_0;
    %cmpi/e 2, 0, 2;
    %jmp/0xz  T_1.26, 4;
    %pushi/vec4 2, 0, 2;
    %store/vec4 v000001ffdbd87140_0, 0, 2;
    %jmp T_1.27;
T_1.26 ;
    %load/vec4 v000001ffdbde94e0_0;
    %cmpi/e 0, 0, 2;
    %jmp/0xz  T_1.28, 4;
    %pushi/vec4 0, 0, 2;
    %store/vec4 v000001ffdbd87140_0, 0, 2;
    %jmp T_1.29;
T_1.28 ;
    %pushi/vec4 3, 0, 2;
    %store/vec4 v000001ffdbd87140_0, 0, 2;
T_1.29 ;
T_1.27 ;
T_1.25 ;
    %jmp T_1.5;
T_1.5 ;
    %pop/vec4 1;
    %jmp T_1;
    .thread T_1, $push;
    .scope S_000001ffdbd83760;
T_2 ;
    %wait E_000001ffdbd6fb80;
    %load/vec4 v000001ffdbde9d00_0;
    %cmpi/e 1, 0, 2;
    %jmp/0xz  T_2.0, 4;
    %pushi/vec4 1, 0, 1;
    %store/vec4 v000001ffdbde9a80_0, 0, 1;
    %jmp T_2.1;
T_2.0 ;
    %load/vec4 v000001ffdbde9d00_0;
    %cmpi/e 2, 0, 2;
    %jmp/0xz  T_2.2, 4;
    %pushi/vec4 1, 0, 1;
    %store/vec4 v000001ffdbde9620_0, 0, 1;
    %jmp T_2.3;
T_2.2 ;
    %load/vec4 v000001ffdbde9d00_0;
    %cmpi/e 3, 0, 2;
    %jmp/0xz  T_2.4, 4;
    %pushi/vec4 1, 0, 1;
    %store/vec4 v000001ffdbde96c0_0, 0, 1;
T_2.4 ;
T_2.3 ;
T_2.1 ;
    %jmp T_2;
    .thread T_2, $push;
    .scope S_000001ffdbd91910;
T_3 ;
    %wait E_000001ffdbd706c0;
    %load/vec4 v000001ffdbde9c60_0;
    %flag_set/vec4 8;
    %jmp/0xz  T_3.0, 8;
    %pushi/vec4 1, 0, 16;
    %assign/vec4 v000001ffdbde98a0_0, 0;
    %jmp T_3.1;
T_3.0 ;
    %load/vec4 v000001ffdbde98a0_0;
    %parti/s 1, 0, 2;
    %load/vec4 v000001ffdbde98a0_0;
    %parti/s 15, 1, 2;
    %concat/vec4; draw_concat_vec4
    %assign/vec4 v000001ffdbde98a0_0, 0;
T_3.1 ;
    %jmp T_3;
    .thread T_3;
    .scope S_000001ffdbd91aa0;
T_4 ;
    %wait E_000001ffdbd70840;
    %load/vec4 v000001ffdbde91c0_0;
    %flag_set/vec4 8;
    %jmp/0xz  T_4.0, 8;
    %pushi/vec4 0, 0, 16;
    %assign/vec4 v000001ffdbde9760_0, 0;
    %jmp T_4.1;
T_4.0 ;
    %load/vec4 v000001ffdbde9760_0;
    %parti/s 1, 0, 2;
    %inv;
    %load/vec4 v000001ffdbde9760_0;
    %parti/s 15, 1, 2;
    %concat/vec4; draw_concat_vec4
    %assign/vec4 v000001ffdbde9760_0, 0;
T_4.1 ;
    %jmp T_4;
    .thread T_4;
    .scope S_000001ffdbd89010;
T_5 ;
    %wait E_000001ffdbd70600;
    %load/vec4 v000001ffdbde9260_0;
    %flag_set/vec4 8;
    %jmp/0xz  T_5.0, 8;
    %pushi/vec4 1, 0, 16;
    %assign/vec4 v000001ffdbdea020_0, 0;
    %jmp T_5.1;
T_5.0 ;
    %load/vec4 v000001ffdbdea020_0;
    %parti/s 1, 15, 5;
    %load/vec4 v000001ffdbdea020_0;
    %parti/s 1, 14, 5;
    %xor;
    %load/vec4 v000001ffdbdea020_0;
    %parti/s 1, 1, 2;
    %xor;
    %load/vec4 v000001ffdbdea020_0;
    %parti/s 15, 1, 2;
    %concat/vec4; draw_concat_vec4
    %assign/vec4 v000001ffdbdea020_0, 0;
T_5.1 ;
    %jmp T_5;
    .thread T_5;
    .scope S_000001ffdbd871e0;
T_6 ;
    %wait E_000001ffdbd702c0;
    %load/vec4 v000001ffdbdecc20_0;
    %flag_set/vec4 8;
    %jmp/0xz  T_6.0, 8;
    %pushi/vec4 0, 0, 16;
    %store/vec4 v000001ffdbde93a0_0, 0, 16;
    %jmp T_6.1;
T_6.0 ;
    %load/vec4 v000001ffdbdeb780_0;
    %cmpi/e 1, 0, 2;
    %jmp/0xz  T_6.2, 4;
    %load/vec4 v000001ffdbde9800_0;
    %store/vec4 v000001ffdbde93a0_0, 0, 16;
    %jmp T_6.3;
T_6.2 ;
    %load/vec4 v000001ffdbdeb780_0;
    %cmpi/e 2, 0, 2;
    %jmp/0xz  T_6.4, 4;
    %load/vec4 v000001ffdbde9300_0;
    %store/vec4 v000001ffdbde93a0_0, 0, 16;
    %jmp T_6.5;
T_6.4 ;
    %load/vec4 v000001ffdbdeb780_0;
    %cmpi/e 3, 0, 2;
    %jmp/0xz  T_6.6, 4;
    %load/vec4 v000001ffdbde9b20_0;
    %store/vec4 v000001ffdbde93a0_0, 0, 16;
    %jmp T_6.7;
T_6.6 ;
    %load/vec4 v000001ffdbdeb780_0;
    %cmpi/e 0, 0, 2;
    %jmp/0xz  T_6.8, 4;
    %pushi/vec4 0, 0, 16;
    %store/vec4 v000001ffdbde93a0_0, 0, 16;
    %jmp T_6.9;
T_6.8 ;
    %pushi/vec4 0, 0, 16;
    %store/vec4 v000001ffdbde93a0_0, 0, 16;
T_6.9 ;
T_6.7 ;
T_6.5 ;
T_6.3 ;
T_6.1 ;
    %jmp T_6;
    .thread T_6, $push;
    .scope S_000001ffdbd871e0;
T_7 ;
    %wait E_000001ffdbd70080;
    %load/vec4 v000001ffdbdeb8c0_0;
    %flag_set/vec4 8;
    %jmp/0xz  T_7.0, 8;
    %load/vec4 v000001ffdbde9580_0;
    %assign/vec4 v000001ffdbde9f80_0, 0;
    %jmp T_7.1;
T_7.0 ;
    %load/vec4 v000001ffdbde9ee0_0;
    %flag_set/vec4 8;
    %jmp/0xz  T_7.2, 8;
    %load/vec4 v000001ffdbde9580_0;
    %assign/vec4 v000001ffdbde9da0_0, 0;
    %jmp T_7.3;
T_7.2 ;
    %load/vec4 v000001ffdbdec680_0;
    %flag_set/vec4 8;
    %jmp/0xz  T_7.4, 8;
    %load/vec4 v000001ffdbde9580_0;
    %assign/vec4 v000001ffdbde9bc0_0, 0;
T_7.4 ;
T_7.3 ;
T_7.1 ;
    %jmp T_7;
    .thread T_7, $push;
# The file index is used to find the file name in the following table.
:file_names 8;
    "N/A";
    "<interactive>";
    "bist_topmodule.v";
    "./bist_control_path.v";
    "./bist_datapath.v";
    "./ring_counter.v";
    "./johnson_counter.v";
    "./lfsr.v";
