#! /c/Source/iverilog-install/bin/vvp
:ivl_version "12.0 (devel)" "(s20150603-1539-g2693dd32b)";
:ivl_delay_selection "TYPICAL";
:vpi_time_precision - 12;
:vpi_module "C:\iverilog\lib\ivl\system.vpi";
:vpi_module "C:\iverilog\lib\ivl\vhdl_sys.vpi";
:vpi_module "C:\iverilog\lib\ivl\vhdl_textio.vpi";
:vpi_module "C:\iverilog\lib\ivl\v2005_math.vpi";
:vpi_module "C:\iverilog\lib\ivl\va_math.vpi";
S_000001ae761144d0 .scope module, "bist_tb" "bist_tb" 2 3;
 .timescale -9 -12;
v000001ae76182af0_0 .var "clk", 0 0;
v000001ae76183450_0 .net "led", 15 0, v000001ae76183090_0;  1 drivers
v000001ae76184170_0 .var "mode", 1 0;
v000001ae76182b90_0 .var "rst", 0 0;
S_000001ae76114660 .scope module, "dut" "bist_topmodule" 2 10, 3 5 0, S_000001ae761144d0;
 .timescale -9 -12;
    .port_info 0 /INPUT 1 "clk";
    .port_info 1 /INPUT 1 "rst";
    .port_info 2 /INPUT 2 "mode";
    .port_info 3 /OUTPUT 16 "led";
v000001ae761847b0_0 .net "clk", 0 0, v000001ae76182af0_0;  1 drivers
v000001ae76184850_0 .net "johnson_counter_enable", 0 0, v000001ae76102ef0_0;  1 drivers
v000001ae761843f0_0 .net "led", 15 0, v000001ae76183090_0;  alias, 1 drivers
v000001ae76183810_0 .net "lfsr_enable", 0 0, v000001ae761035d0_0;  1 drivers
v000001ae76183db0_0 .net "mode", 1 0, v000001ae76184170_0;  1 drivers
v000001ae76184990_0 .net "ring_counter_enable", 0 0, v000001ae76103670_0;  1 drivers
v000001ae76184530_0 .net "rst", 0 0, v000001ae76182b90_0;  1 drivers
v000001ae76183950_0 .net "slow_clk", 0 0, v000001ae761833b0_0;  1 drivers
S_000001ae76117050 .scope module, "inst1" "bist_controlpath" 3 17, 4 1 0, S_000001ae76114660;
 .timescale -9 -12;
    .port_info 0 /INPUT 1 "clk";
    .port_info 1 /INPUT 1 "rst";
    .port_info 2 /INPUT 2 "mode";
    .port_info 3 /OUTPUT 1 "ring_counter_enable";
    .port_info 4 /OUTPUT 1 "johnson_counter_enable";
    .port_info 5 /OUTPUT 1 "lfsr_enable";
P_000001ae76104450 .param/l "idle" 0 4 12, C4<00>;
P_000001ae76104488 .param/l "johnson_counter" 0 4 14, C4<10>;
P_000001ae761044c0 .param/l "lfsr" 0 4 15, C4<11>;
P_000001ae761044f8 .param/l "ring_counter" 0 4 13, C4<01>;
v000001ae76102bd0_0 .var "NS", 1 0;
v000001ae76102810_0 .var "PS", 1 0;
v000001ae76103530_0 .net "clk", 0 0, v000001ae761833b0_0;  alias, 1 drivers
v000001ae76102ef0_0 .var "johnson_counter_enable", 0 0;
v000001ae761035d0_0 .var "lfsr_enable", 0 0;
v000001ae76102f90_0 .net "mode", 1 0, v000001ae76184170_0;  alias, 1 drivers
v000001ae76103670_0 .var "ring_counter_enable", 0 0;
v000001ae76102770_0 .net "rst", 0 0, v000001ae76182b90_0;  alias, 1 drivers
E_000001ae760fa570 .event anyedge, v000001ae76102810_0;
E_000001ae760fa0b0 .event anyedge, v000001ae76102f90_0, v000001ae76102810_0;
E_000001ae760f9bf0 .event posedge, v000001ae76103530_0;
S_000001ae761171e0 .scope module, "inst2" "bist_datapath" 3 26, 5 5 0, S_000001ae76114660;
 .timescale -9 -12;
    .port_info 0 /INPUT 1 "clk";
    .port_info 1 /INPUT 1 "rst";
    .port_info 2 /INPUT 2 "mode";
    .port_info 3 /INPUT 1 "ring_counter_enable";
    .port_info 4 /INPUT 1 "johnson_counter_enable";
    .port_info 5 /INPUT 1 "lfsr_enable";
    .port_info 6 /OUTPUT 16 "led";
v000001ae76102a90_0 .net "C2", 15 0, v000001ae76102db0_0;  1 drivers
v000001ae76102b30_0 .net "C3", 15 0, v000001ae761028b0_0;  1 drivers
v000001ae76102e50_0 .net "C4", 15 0, v000001ae76103170_0;  1 drivers
v000001ae76102c70_0 .net "clk", 0 0, v000001ae761833b0_0;  alias, 1 drivers
v000001ae76103350_0 .var "clk2", 0 0;
v000001ae76102d10_0 .var "clk3", 0 0;
v000001ae761033f0_0 .var "clk4", 0 0;
v000001ae76184490_0 .net "johnson_counter_enable", 0 0, v000001ae76102ef0_0;  alias, 1 drivers
v000001ae76183090_0 .var "led", 15 0;
v000001ae76182c30_0 .net "lfsr_enable", 0 0, v000001ae761035d0_0;  alias, 1 drivers
v000001ae76183310_0 .net "mode", 1 0, v000001ae76184170_0;  alias, 1 drivers
v000001ae761848f0_0 .net "ring_counter_enable", 0 0, v000001ae76103670_0;  alias, 1 drivers
v000001ae761831d0_0 .net "rst", 0 0, v000001ae76182b90_0;  alias, 1 drivers
E_000001ae760fa430 .event anyedge, v000001ae76103530_0;
E_000001ae760fa830/0 .event anyedge, v000001ae76102f90_0, v000001ae76103170_0, v000001ae761028b0_0, v000001ae76102db0_0;
E_000001ae760fa830/1 .event anyedge, v000001ae76102770_0;
E_000001ae760fa830 .event/or E_000001ae760fa830/0, E_000001ae760fa830/1;
S_000001ae76124d30 .scope module, "instantiation" "ring_counter" 5 20, 6 2 0, S_000001ae761171e0;
 .timescale -9 -12;
    .port_info 0 /INPUT 1 "clk";
    .port_info 1 /INPUT 1 "rst";
    .port_info 2 /OUTPUT 16 "C1";
v000001ae76102db0_0 .var "C1", 15 0;
v000001ae76103030_0 .net "clk", 0 0, v000001ae76103350_0;  1 drivers
v000001ae761032b0_0 .net "rst", 0 0, v000001ae76182b90_0;  alias, 1 drivers
E_000001ae760fa2f0 .event posedge, v000001ae76102770_0, v000001ae76103030_0;
S_000001ae76124ec0 .scope module, "instantiation2" "johnson_counter" 5 21, 7 2 0, S_000001ae761171e0;
 .timescale -9 -12;
    .port_info 0 /INPUT 1 "clk";
    .port_info 1 /INPUT 1 "rst";
    .port_info 2 /OUTPUT 16 "C2";
v000001ae761028b0_0 .var "C2", 15 0;
v000001ae76102950_0 .net "clk", 0 0, v000001ae76102d10_0;  1 drivers
v000001ae761030d0_0 .net "rst", 0 0, v000001ae76182b90_0;  alias, 1 drivers
E_000001ae760fa170 .event posedge, v000001ae76102770_0, v000001ae76102950_0;
S_000001ae76127ae0 .scope module, "instantiation3" "lfsr" 5 22, 8 2 0, S_000001ae761171e0;
 .timescale -9 -12;
    .port_info 0 /INPUT 1 "clk";
    .port_info 1 /INPUT 1 "rst";
    .port_info 2 /OUTPUT 16 "C3";
v000001ae76103170_0 .var "C3", 15 0;
v000001ae76103210_0 .net "clk", 0 0, v000001ae761033f0_0;  1 drivers
v000001ae761029f0_0 .net "rst", 0 0, v000001ae76182b90_0;  alias, 1 drivers
E_000001ae760f9970 .event posedge, v000001ae76102770_0, v000001ae76103210_0;
S_000001ae76127c70 .scope module, "inst3" "clock_divider" 3 36, 9 1 0, S_000001ae76114660;
 .timescale -9 -12;
    .port_info 0 /INPUT 1 "clk";
    .port_info 1 /INPUT 1 "rst";
    .port_info 2 /OUTPUT 1 "slow_clk";
v000001ae76183270_0 .net "clk", 0 0, v000001ae76182af0_0;  alias, 1 drivers
v000001ae76184670_0 .var "counter", 25 0;
v000001ae76184710_0 .net "rst", 0 0, v000001ae76182b90_0;  alias, 1 drivers
v000001ae761833b0_0 .var "slow_clk", 0 0;
E_000001ae760fa1b0 .event posedge, v000001ae76102770_0, v000001ae76183270_0;
    .scope S_000001ae76117050;
T_0 ;
    %wait E_000001ae760f9bf0;
    %load/vec4 v000001ae76102770_0;
    %flag_set/vec4 8;
    %jmp/0xz  T_0.0, 8;
    %pushi/vec4 0, 0, 2;
    %assign/vec4 v000001ae76102810_0, 0;
    %jmp T_0.1;
T_0.0 ;
    %load/vec4 v000001ae76102bd0_0;
    %assign/vec4 v000001ae76102810_0, 0;
T_0.1 ;
    %jmp T_0;
    .thread T_0;
    .scope S_000001ae76117050;
T_1 ;
    %wait E_000001ae760fa0b0;
    %load/vec4 v000001ae76102810_0;
    %dup/vec4;
    %pushi/vec4 0, 0, 2;
    %cmp/u;
    %jmp/1 T_1.0, 6;
    %dup/vec4;
    %pushi/vec4 1, 0, 2;
    %cmp/u;
    %jmp/1 T_1.1, 6;
    %dup/vec4;
    %pushi/vec4 2, 0, 2;
    %cmp/u;
    %jmp/1 T_1.2, 6;
    %dup/vec4;
    %pushi/vec4 3, 0, 2;
    %cmp/u;
    %jmp/1 T_1.3, 6;
    %pushi/vec4 0, 0, 2;
    %store/vec4 v000001ae76102bd0_0, 0, 2;
    %jmp T_1.5;
T_1.0 ;
    %load/vec4 v000001ae76102f90_0;
    %cmpi/e 1, 0, 2;
    %jmp/0xz  T_1.6, 4;
    %pushi/vec4 1, 0, 2;
    %store/vec4 v000001ae76102bd0_0, 0, 2;
    %jmp T_1.7;
T_1.6 ;
    %load/vec4 v000001ae76102f90_0;
    %cmpi/e 2, 0, 2;
    %jmp/0xz  T_1.8, 4;
    %pushi/vec4 2, 0, 2;
    %store/vec4 v000001ae76102bd0_0, 0, 2;
    %jmp T_1.9;
T_1.8 ;
    %load/vec4 v000001ae76102f90_0;
    %cmpi/e 3, 0, 2;
    %jmp/0xz  T_1.10, 4;
    %pushi/vec4 3, 0, 2;
    %store/vec4 v000001ae76102bd0_0, 0, 2;
    %jmp T_1.11;
T_1.10 ;
    %pushi/vec4 0, 0, 2;
    %store/vec4 v000001ae76102bd0_0, 0, 2;
T_1.11 ;
T_1.9 ;
T_1.7 ;
    %jmp T_1.5;
T_1.1 ;
    %load/vec4 v000001ae76102f90_0;
    %cmpi/e 0, 0, 2;
    %jmp/0xz  T_1.12, 4;
    %pushi/vec4 0, 0, 2;
    %store/vec4 v000001ae76102bd0_0, 0, 2;
    %jmp T_1.13;
T_1.12 ;
    %load/vec4 v000001ae76102f90_0;
    %cmpi/e 3, 0, 2;
    %jmp/0xz  T_1.14, 4;
    %pushi/vec4 3, 0, 2;
    %store/vec4 v000001ae76102bd0_0, 0, 2;
    %jmp T_1.15;
T_1.14 ;
    %load/vec4 v000001ae76102f90_0;
    %cmpi/e 2, 0, 2;
    %jmp/0xz  T_1.16, 4;
    %pushi/vec4 2, 0, 2;
    %store/vec4 v000001ae76102bd0_0, 0, 2;
    %jmp T_1.17;
T_1.16 ;
    %pushi/vec4 1, 0, 2;
    %store/vec4 v000001ae76102bd0_0, 0, 2;
T_1.17 ;
T_1.15 ;
T_1.13 ;
    %jmp T_1.5;
T_1.2 ;
    %load/vec4 v000001ae76102f90_0;
    %cmpi/e 1, 0, 2;
    %jmp/0xz  T_1.18, 4;
    %pushi/vec4 1, 0, 2;
    %store/vec4 v000001ae76102bd0_0, 0, 2;
    %jmp T_1.19;
T_1.18 ;
    %load/vec4 v000001ae76102f90_0;
    %cmpi/e 0, 0, 2;
    %jmp/0xz  T_1.20, 4;
    %pushi/vec4 0, 0, 2;
    %store/vec4 v000001ae76102bd0_0, 0, 2;
    %jmp T_1.21;
T_1.20 ;
    %load/vec4 v000001ae76102f90_0;
    %cmpi/e 3, 0, 2;
    %jmp/0xz  T_1.22, 4;
    %pushi/vec4 3, 0, 2;
    %store/vec4 v000001ae76102bd0_0, 0, 2;
    %jmp T_1.23;
T_1.22 ;
    %pushi/vec4 2, 0, 2;
    %store/vec4 v000001ae76102bd0_0, 0, 2;
T_1.23 ;
T_1.21 ;
T_1.19 ;
    %jmp T_1.5;
T_1.3 ;
    %load/vec4 v000001ae76102f90_0;
    %cmpi/e 1, 0, 2;
    %jmp/0xz  T_1.24, 4;
    %pushi/vec4 1, 0, 2;
    %store/vec4 v000001ae76102bd0_0, 0, 2;
    %jmp T_1.25;
T_1.24 ;
    %load/vec4 v000001ae76102f90_0;
    %cmpi/e 2, 0, 2;
    %jmp/0xz  T_1.26, 4;
    %pushi/vec4 2, 0, 2;
    %store/vec4 v000001ae76102bd0_0, 0, 2;
    %jmp T_1.27;
T_1.26 ;
    %load/vec4 v000001ae76102f90_0;
    %cmpi/e 0, 0, 2;
    %jmp/0xz  T_1.28, 4;
    %pushi/vec4 0, 0, 2;
    %store/vec4 v000001ae76102bd0_0, 0, 2;
    %jmp T_1.29;
T_1.28 ;
    %pushi/vec4 3, 0, 2;
    %store/vec4 v000001ae76102bd0_0, 0, 2;
T_1.29 ;
T_1.27 ;
T_1.25 ;
    %jmp T_1.5;
T_1.5 ;
    %pop/vec4 1;
    %jmp T_1;
    .thread T_1, $push;
    .scope S_000001ae76117050;
T_2 ;
    %wait E_000001ae760fa570;
    %load/vec4 v000001ae76102810_0;
    %cmpi/e 1, 0, 2;
    %jmp/0xz  T_2.0, 4;
    %pushi/vec4 1, 0, 1;
    %store/vec4 v000001ae76103670_0, 0, 1;
    %pushi/vec4 0, 0, 1;
    %store/vec4 v000001ae76102ef0_0, 0, 1;
    %pushi/vec4 0, 0, 1;
    %store/vec4 v000001ae761035d0_0, 0, 1;
    %jmp T_2.1;
T_2.0 ;
    %load/vec4 v000001ae76102810_0;
    %cmpi/e 2, 0, 2;
    %jmp/0xz  T_2.2, 4;
    %pushi/vec4 1, 0, 1;
    %store/vec4 v000001ae76102ef0_0, 0, 1;
    %pushi/vec4 0, 0, 1;
    %store/vec4 v000001ae76103670_0, 0, 1;
    %pushi/vec4 0, 0, 1;
    %store/vec4 v000001ae761035d0_0, 0, 1;
    %jmp T_2.3;
T_2.2 ;
    %load/vec4 v000001ae76102810_0;
    %cmpi/e 3, 0, 2;
    %jmp/0xz  T_2.4, 4;
    %pushi/vec4 1, 0, 1;
    %store/vec4 v000001ae761035d0_0, 0, 1;
    %pushi/vec4 0, 0, 1;
    %store/vec4 v000001ae76103670_0, 0, 1;
    %pushi/vec4 0, 0, 1;
    %store/vec4 v000001ae76102ef0_0, 0, 1;
T_2.4 ;
T_2.3 ;
T_2.1 ;
    %jmp T_2;
    .thread T_2, $push;
    .scope S_000001ae76124d30;
T_3 ;
    %wait E_000001ae760fa2f0;
    %load/vec4 v000001ae761032b0_0;
    %flag_set/vec4 8;
    %jmp/0xz  T_3.0, 8;
    %pushi/vec4 1, 0, 16;
    %assign/vec4 v000001ae76102db0_0, 0;
    %jmp T_3.1;
T_3.0 ;
    %load/vec4 v000001ae76102db0_0;
    %parti/s 1, 0, 2;
    %load/vec4 v000001ae76102db0_0;
    %parti/s 15, 1, 2;
    %concat/vec4; draw_concat_vec4
    %assign/vec4 v000001ae76102db0_0, 0;
T_3.1 ;
    %jmp T_3;
    .thread T_3;
    .scope S_000001ae76124ec0;
T_4 ;
    %wait E_000001ae760fa170;
    %load/vec4 v000001ae761030d0_0;
    %flag_set/vec4 8;
    %jmp/0xz  T_4.0, 8;
    %pushi/vec4 0, 0, 16;
    %assign/vec4 v000001ae761028b0_0, 0;
    %jmp T_4.1;
T_4.0 ;
    %load/vec4 v000001ae761028b0_0;
    %parti/s 1, 0, 2;
    %inv;
    %load/vec4 v000001ae761028b0_0;
    %parti/s 15, 1, 2;
    %concat/vec4; draw_concat_vec4
    %assign/vec4 v000001ae761028b0_0, 0;
T_4.1 ;
    %jmp T_4;
    .thread T_4;
    .scope S_000001ae76127ae0;
T_5 ;
    %wait E_000001ae760f9970;
    %load/vec4 v000001ae761029f0_0;
    %flag_set/vec4 8;
    %jmp/0xz  T_5.0, 8;
    %pushi/vec4 43690, 0, 16;
    %assign/vec4 v000001ae76103170_0, 0;
    %jmp T_5.1;
T_5.0 ;
    %load/vec4 v000001ae76103170_0;
    %parti/s 1, 15, 5;
    %load/vec4 v000001ae76103170_0;
    %parti/s 1, 14, 5;
    %xor;
    %load/vec4 v000001ae76103170_0;
    %parti/s 1, 1, 2;
    %xor;
    %load/vec4 v000001ae76103170_0;
    %parti/s 15, 1, 2;
    %concat/vec4; draw_concat_vec4
    %assign/vec4 v000001ae76103170_0, 0;
T_5.1 ;
    %jmp T_5;
    .thread T_5;
    .scope S_000001ae761171e0;
T_6 ;
    %wait E_000001ae760fa830;
    %load/vec4 v000001ae761831d0_0;
    %flag_set/vec4 8;
    %jmp/0xz  T_6.0, 8;
    %pushi/vec4 0, 0, 16;
    %store/vec4 v000001ae76183090_0, 0, 16;
    %jmp T_6.1;
T_6.0 ;
    %load/vec4 v000001ae76183310_0;
    %cmpi/e 1, 0, 2;
    %jmp/0xz  T_6.2, 4;
    %load/vec4 v000001ae76102a90_0;
    %store/vec4 v000001ae76183090_0, 0, 16;
    %jmp T_6.3;
T_6.2 ;
    %load/vec4 v000001ae76183310_0;
    %cmpi/e 2, 0, 2;
    %jmp/0xz  T_6.4, 4;
    %load/vec4 v000001ae76102b30_0;
    %store/vec4 v000001ae76183090_0, 0, 16;
    %jmp T_6.5;
T_6.4 ;
    %load/vec4 v000001ae76183310_0;
    %cmpi/e 3, 0, 2;
    %jmp/0xz  T_6.6, 4;
    %load/vec4 v000001ae76102e50_0;
    %store/vec4 v000001ae76183090_0, 0, 16;
    %jmp T_6.7;
T_6.6 ;
    %load/vec4 v000001ae76183310_0;
    %cmpi/e 0, 0, 2;
    %jmp/0xz  T_6.8, 4;
    %pushi/vec4 0, 0, 16;
    %store/vec4 v000001ae76183090_0, 0, 16;
    %jmp T_6.9;
T_6.8 ;
    %pushi/vec4 0, 0, 16;
    %store/vec4 v000001ae76183090_0, 0, 16;
T_6.9 ;
T_6.7 ;
T_6.5 ;
T_6.3 ;
T_6.1 ;
    %jmp T_6;
    .thread T_6, $push;
    .scope S_000001ae761171e0;
T_7 ;
    %wait E_000001ae760fa430;
    %load/vec4 v000001ae761848f0_0;
    %flag_set/vec4 8;
    %jmp/0xz  T_7.0, 8;
    %load/vec4 v000001ae76102c70_0;
    %assign/vec4 v000001ae76103350_0, 0;
    %jmp T_7.1;
T_7.0 ;
    %load/vec4 v000001ae76184490_0;
    %flag_set/vec4 8;
    %jmp/0xz  T_7.2, 8;
    %load/vec4 v000001ae76102c70_0;
    %assign/vec4 v000001ae76102d10_0, 0;
    %jmp T_7.3;
T_7.2 ;
    %load/vec4 v000001ae76182c30_0;
    %flag_set/vec4 8;
    %jmp/0xz  T_7.4, 8;
    %load/vec4 v000001ae76102c70_0;
    %assign/vec4 v000001ae761033f0_0, 0;
T_7.4 ;
T_7.3 ;
T_7.1 ;
    %jmp T_7;
    .thread T_7, $push;
    .scope S_000001ae76127c70;
T_8 ;
    %wait E_000001ae760fa1b0;
    %load/vec4 v000001ae76184710_0;
    %flag_set/vec4 8;
    %jmp/0xz  T_8.0, 8;
    %pushi/vec4 0, 0, 26;
    %assign/vec4 v000001ae76184670_0, 0;
    %pushi/vec4 0, 0, 1;
    %assign/vec4 v000001ae761833b0_0, 0;
    %jmp T_8.1;
T_8.0 ;
    %load/vec4 v000001ae76184670_0;
    %addi 1, 0, 26;
    %assign/vec4 v000001ae76184670_0, 0;
    %load/vec4 v000001ae76184670_0;
    %pad/u 32;
    %cmpi/e 50000000, 0, 32;
    %jmp/0xz  T_8.2, 4;
    %load/vec4 v000001ae761833b0_0;
    %inv;
    %assign/vec4 v000001ae761833b0_0, 0;
    %pushi/vec4 0, 0, 26;
    %assign/vec4 v000001ae76184670_0, 0;
T_8.2 ;
T_8.1 ;
    %jmp T_8;
    .thread T_8;
    .scope S_000001ae761144d0;
T_9 ;
    %pushi/vec4 0, 0, 1;
    %store/vec4 v000001ae76182af0_0, 0, 1;
T_9.0 ;
    %delay 5000, 0;
    %load/vec4 v000001ae76182af0_0;
    %inv;
    %store/vec4 v000001ae76182af0_0, 0, 1;
    %jmp T_9.0;
    %end;
    .thread T_9;
    .scope S_000001ae761144d0;
T_10 ;
    %vpi_call 2 26 "$dumpfile", "waveform.vcd" {0 0 0};
    %vpi_call 2 27 "$dumpvars" {0 0 0};
    %pushi/vec4 1, 0, 1;
    %store/vec4 v000001ae76182b90_0, 0, 1;
    %delay 10000, 0;
    %pushi/vec4 0, 0, 1;
    %store/vec4 v000001ae76182b90_0, 0, 1;
    %delay 10000, 0;
    %pushi/vec4 1, 0, 2;
    %store/vec4 v000001ae76184170_0, 0, 2;
    %delay 100000, 0;
    %pushi/vec4 2, 0, 2;
    %store/vec4 v000001ae76184170_0, 0, 2;
    %delay 100000, 0;
    %pushi/vec4 3, 0, 2;
    %store/vec4 v000001ae76184170_0, 0, 2;
    %delay 100000, 0;
    %pushi/vec4 0, 0, 2;
    %store/vec4 v000001ae76184170_0, 0, 2;
    %delay 100000, 0;
    %vpi_call 2 39 "$finish" {0 0 0};
    %end;
    .thread T_10;
# The file index is used to find the file name in the following table.
:file_names 10;
    "N/A";
    "<interactive>";
    "bist_tb.v";
    "./bist_topmodule.v";
    "./bist_control_path.v";
    "./bist_datapath.v";
    "./ring_counter.v";
    "./johnson_counter.v";
    "./lfsr.v";
    "./clk_divider.v";
