#! /c/Source/iverilog-install/bin/vvp
:ivl_version "12.0 (devel)" "(s20150603-1539-g2693dd32b)";
:ivl_delay_selection "TYPICAL";
:vpi_time_precision - 12;
:vpi_module "C:\iverilog\lib\ivl\system.vpi";
:vpi_module "C:\iverilog\lib\ivl\vhdl_sys.vpi";
:vpi_module "C:\iverilog\lib\ivl\vhdl_textio.vpi";
:vpi_module "C:\iverilog\lib\ivl\v2005_math.vpi";
:vpi_module "C:\iverilog\lib\ivl\va_math.vpi";
S_000001fc1acbde10 .scope module, "bist_datapath" "bist_datapath" 2 5;
 .timescale -9 -12;
    .port_info 0 /INPUT 1 "clk";
    .port_info 1 /INPUT 1 "rst";
    .port_info 2 /INPUT 2 "mode";
    .port_info 3 /INPUT 1 "ring_counter_enable";
    .port_info 4 /INPUT 1 "johnson_counter_enable";
    .port_info 5 /INPUT 1 "lfsr_enable";
    .port_info 6 /OUTPUT 16 "led";
v000001fc1ad5c930_0 .net "C2", 15 0, v000001fc1acb74a0_0;  1 drivers
v000001fc1ad5ccf0_0 .net "C3", 15 0, v000001fc1acb6d70_0;  1 drivers
v000001fc1ad5d5b0_0 .net "C4", 15 0, v000001fc1ad5c9d0_0;  1 drivers
o000001fc1ad142b8 .functor BUFZ 1, C4<z>; HiZ drive
v000001fc1ad5c890_0 .net "clk", 0 0, o000001fc1ad142b8;  0 drivers
v000001fc1ad5cd90_0 .var "clk2", 0 0;
v000001fc1ad5ca70_0 .var "clk3", 0 0;
v000001fc1ad5cb10_0 .var "clk4", 0 0;
o000001fc1ad142e8 .functor BUFZ 1, C4<z>; HiZ drive
v000001fc1ad5d330_0 .net "johnson_counter_enable", 0 0, o000001fc1ad142e8;  0 drivers
v000001fc1ad5ce30_0 .var "led", 15 0;
o000001fc1ad14348 .functor BUFZ 1, C4<z>; HiZ drive
v000001fc1ad5ced0_0 .net "lfsr_enable", 0 0, o000001fc1ad14348;  0 drivers
o000001fc1ad14378 .functor BUFZ 2, C4<zz>; HiZ drive
v000001fc1ad5cf70_0 .net "mode", 1 0, o000001fc1ad14378;  0 drivers
o000001fc1ad143a8 .functor BUFZ 1, C4<z>; HiZ drive
v000001fc1ad5d470_0 .net "ring_counter_enable", 0 0, o000001fc1ad143a8;  0 drivers
o000001fc1ad14018 .functor BUFZ 1, C4<z>; HiZ drive
v000001fc1ad5d010_0 .net "rst", 0 0, o000001fc1ad14018;  0 drivers
E_000001fc1acf6670 .event anyedge, v000001fc1ad5c890_0;
E_000001fc1acf6c30/0 .event anyedge, v000001fc1ad5cf70_0, v000001fc1ad5c9d0_0, v000001fc1acb6d70_0, v000001fc1acb74a0_0;
E_000001fc1acf6c30/1 .event anyedge, v000001fc1acbe1d0_0;
E_000001fc1acf6c30 .event/or E_000001fc1acf6c30/0, E_000001fc1acf6c30/1;
S_000001fc1acbdfa0 .scope module, "instantiation" "ring_counter" 2 20, 3 2 0, S_000001fc1acbde10;
 .timescale -9 -12;
    .port_info 0 /INPUT 1 "clk";
    .port_info 1 /INPUT 1 "rst";
    .port_info 2 /OUTPUT 16 "C1";
v000001fc1acb74a0_0 .var "C1", 15 0;
v000001fc1acbe130_0 .net "clk", 0 0, v000001fc1ad5cd90_0;  1 drivers
v000001fc1acbe1d0_0 .net "rst", 0 0, o000001fc1ad14018;  alias, 0 drivers
E_000001fc1acf68b0 .event posedge, v000001fc1acbe1d0_0, v000001fc1acbe130_0;
S_000001fc1acb6be0 .scope module, "instantiation2" "johnson_counter" 2 21, 4 2 0, S_000001fc1acbde10;
 .timescale -9 -12;
    .port_info 0 /INPUT 1 "clk";
    .port_info 1 /INPUT 1 "rst";
    .port_info 2 /OUTPUT 16 "C2";
v000001fc1acb6d70_0 .var "C2", 15 0;
v000001fc1acb6e10_0 .net "clk", 0 0, v000001fc1ad5ca70_0;  1 drivers
v000001fc1ad5d0b0_0 .net "rst", 0 0, o000001fc1ad14018;  alias, 0 drivers
E_000001fc1acf72f0 .event posedge, v000001fc1acbe1d0_0, v000001fc1acb6e10_0;
S_000001fc1acb6eb0 .scope module, "instantiation3" "lfsr" 2 22, 5 2 0, S_000001fc1acbde10;
 .timescale -9 -12;
    .port_info 0 /INPUT 1 "clk";
    .port_info 1 /INPUT 1 "rst";
    .port_info 2 /OUTPUT 16 "C3";
v000001fc1ad5c9d0_0 .var "C3", 15 0;
v000001fc1ad5d3d0_0 .net "clk", 0 0, v000001fc1ad5cb10_0;  1 drivers
v000001fc1ad5d1f0_0 .net "rst", 0 0, o000001fc1ad14018;  alias, 0 drivers
E_000001fc1acf6970 .event posedge, v000001fc1acbe1d0_0, v000001fc1ad5d3d0_0;
    .scope S_000001fc1acbdfa0;
T_0 ;
    %wait E_000001fc1acf68b0;
    %load/vec4 v000001fc1acbe1d0_0;
    %flag_set/vec4 8;
    %jmp/0xz  T_0.0, 8;
    %pushi/vec4 1, 0, 16;
    %assign/vec4 v000001fc1acb74a0_0, 0;
    %jmp T_0.1;
T_0.0 ;
    %load/vec4 v000001fc1acb74a0_0;
    %parti/s 1, 0, 2;
    %load/vec4 v000001fc1acb74a0_0;
    %parti/s 15, 1, 2;
    %concat/vec4; draw_concat_vec4
    %assign/vec4 v000001fc1acb74a0_0, 0;
T_0.1 ;
    %jmp T_0;
    .thread T_0;
    .scope S_000001fc1acb6be0;
T_1 ;
    %wait E_000001fc1acf72f0;
    %load/vec4 v000001fc1ad5d0b0_0;
    %flag_set/vec4 8;
    %jmp/0xz  T_1.0, 8;
    %pushi/vec4 0, 0, 16;
    %assign/vec4 v000001fc1acb6d70_0, 0;
    %jmp T_1.1;
T_1.0 ;
    %load/vec4 v000001fc1acb6d70_0;
    %parti/s 1, 0, 2;
    %inv;
    %load/vec4 v000001fc1acb6d70_0;
    %parti/s 15, 1, 2;
    %concat/vec4; draw_concat_vec4
    %assign/vec4 v000001fc1acb6d70_0, 0;
T_1.1 ;
    %jmp T_1;
    .thread T_1;
    .scope S_000001fc1acb6eb0;
T_2 ;
    %wait E_000001fc1acf6970;
    %load/vec4 v000001fc1ad5d1f0_0;
    %flag_set/vec4 8;
    %jmp/0xz  T_2.0, 8;
    %pushi/vec4 1, 0, 16;
    %assign/vec4 v000001fc1ad5c9d0_0, 0;
    %jmp T_2.1;
T_2.0 ;
    %load/vec4 v000001fc1ad5c9d0_0;
    %parti/s 1, 15, 5;
    %load/vec4 v000001fc1ad5c9d0_0;
    %parti/s 1, 14, 5;
    %xor;
    %load/vec4 v000001fc1ad5c9d0_0;
    %parti/s 1, 1, 2;
    %xor;
    %load/vec4 v000001fc1ad5c9d0_0;
    %parti/s 15, 1, 2;
    %concat/vec4; draw_concat_vec4
    %assign/vec4 v000001fc1ad5c9d0_0, 0;
T_2.1 ;
    %jmp T_2;
    .thread T_2;
    .scope S_000001fc1acbde10;
T_3 ;
    %wait E_000001fc1acf6c30;
    %load/vec4 v000001fc1ad5d010_0;
    %flag_set/vec4 8;
    %jmp/0xz  T_3.0, 8;
    %pushi/vec4 0, 0, 16;
    %store/vec4 v000001fc1ad5ce30_0, 0, 16;
    %jmp T_3.1;
T_3.0 ;
    %load/vec4 v000001fc1ad5cf70_0;
    %cmpi/e 1, 0, 2;
    %jmp/0xz  T_3.2, 4;
    %load/vec4 v000001fc1ad5c930_0;
    %store/vec4 v000001fc1ad5ce30_0, 0, 16;
    %jmp T_3.3;
T_3.2 ;
    %load/vec4 v000001fc1ad5cf70_0;
    %cmpi/e 2, 0, 2;
    %jmp/0xz  T_3.4, 4;
    %load/vec4 v000001fc1ad5ccf0_0;
    %store/vec4 v000001fc1ad5ce30_0, 0, 16;
    %jmp T_3.5;
T_3.4 ;
    %load/vec4 v000001fc1ad5cf70_0;
    %cmpi/e 3, 0, 2;
    %jmp/0xz  T_3.6, 4;
    %load/vec4 v000001fc1ad5d5b0_0;
    %store/vec4 v000001fc1ad5ce30_0, 0, 16;
    %jmp T_3.7;
T_3.6 ;
    %load/vec4 v000001fc1ad5cf70_0;
    %cmpi/e 0, 0, 2;
    %jmp/0xz  T_3.8, 4;
    %pushi/vec4 0, 0, 16;
    %store/vec4 v000001fc1ad5ce30_0, 0, 16;
    %jmp T_3.9;
T_3.8 ;
    %pushi/vec4 0, 0, 16;
    %store/vec4 v000001fc1ad5ce30_0, 0, 16;
T_3.9 ;
T_3.7 ;
T_3.5 ;
T_3.3 ;
T_3.1 ;
    %jmp T_3;
    .thread T_3, $push;
    .scope S_000001fc1acbde10;
T_4 ;
    %wait E_000001fc1acf6670;
    %load/vec4 v000001fc1ad5d470_0;
    %flag_set/vec4 8;
    %jmp/0xz  T_4.0, 8;
    %load/vec4 v000001fc1ad5c890_0;
    %assign/vec4 v000001fc1ad5cd90_0, 0;
    %jmp T_4.1;
T_4.0 ;
    %load/vec4 v000001fc1ad5d330_0;
    %flag_set/vec4 8;
    %jmp/0xz  T_4.2, 8;
    %load/vec4 v000001fc1ad5c890_0;
    %assign/vec4 v000001fc1ad5ca70_0, 0;
    %jmp T_4.3;
T_4.2 ;
    %load/vec4 v000001fc1ad5ced0_0;
    %flag_set/vec4 8;
    %jmp/0xz  T_4.4, 8;
    %load/vec4 v000001fc1ad5c890_0;
    %assign/vec4 v000001fc1ad5cb10_0, 0;
T_4.4 ;
T_4.3 ;
T_4.1 ;
    %jmp T_4;
    .thread T_4, $push;
# The file index is used to find the file name in the following table.
:file_names 6;
    "N/A";
    "<interactive>";
    "bist_datapath.v";
    "./ring_counter.v";
    "./johnson_counter.v";
    "./lfsr.v";
