#! /c/Source/iverilog-install/bin/vvp
:ivl_version "12.0 (devel)" "(s20150603-1539-g2693dd32b)";
:ivl_delay_selection "TYPICAL";
:vpi_time_precision - 12;
:vpi_module "C:\iverilog\lib\ivl\system.vpi";
:vpi_module "C:\iverilog\lib\ivl\vhdl_sys.vpi";
:vpi_module "C:\iverilog\lib\ivl\vhdl_textio.vpi";
:vpi_module "C:\iverilog\lib\ivl\v2005_math.vpi";
:vpi_module "C:\iverilog\lib\ivl\va_math.vpi";
S_0000017c298a6e40 .scope module, "johnson_counter" "johnson_counter" 2 2;
 .timescale -9 -12;
    .port_info 0 /INPUT 1 "clk";
    .port_info 1 /INPUT 1 "rst";
    .port_info 2 /OUTPUT 16 "C2";
v0000017c299f7240_0 .var "C2", 15 0;
o0000017c298a7008 .functor BUFZ 1, C4<z>; HiZ drive
v0000017c299f7460_0 .net "clk", 0 0, o0000017c298a7008;  0 drivers
o0000017c298a7038 .functor BUFZ 1, C4<z>; HiZ drive
v0000017c299f6fc0_0 .net "rst", 0 0, o0000017c298a7038;  0 drivers
E_0000017c298a4880 .event posedge, v0000017c299f6fc0_0, v0000017c299f7460_0;
    .scope S_0000017c298a6e40;
T_0 ;
    %wait E_0000017c298a4880;
    %load/vec4 v0000017c299f6fc0_0;
    %flag_set/vec4 8;
    %jmp/0xz  T_0.0, 8;
    %pushi/vec4 0, 0, 16;
    %assign/vec4 v0000017c299f7240_0, 0;
    %jmp T_0.1;
T_0.0 ;
    %load/vec4 v0000017c299f7240_0;
    %parti/s 1, 0, 2;
    %inv;
    %load/vec4 v0000017c299f7240_0;
    %parti/s 15, 1, 2;
    %concat/vec4; draw_concat_vec4
    %assign/vec4 v0000017c299f7240_0, 0;
T_0.1 ;
    %jmp T_0;
    .thread T_0;
# The file index is used to find the file name in the following table.
:file_names 3;
    "N/A";
    "<interactive>";
    "johnson_counter.v";
