#! /c/Source/iverilog-install/bin/vvp
:ivl_version "12.0 (devel)" "(s20150603-1539-g2693dd32b)";
:ivl_delay_selection "TYPICAL";
:vpi_time_precision - 12;
:vpi_module "C:\iverilog\lib\ivl\system.vpi";
:vpi_module "C:\iverilog\lib\ivl\vhdl_sys.vpi";
:vpi_module "C:\iverilog\lib\ivl\vhdl_textio.vpi";
:vpi_module "C:\iverilog\lib\ivl\v2005_math.vpi";
:vpi_module "C:\iverilog\lib\ivl\va_math.vpi";
S_000001a0963d6cb0 .scope module, "lfsr" "lfsr" 2 2;
 .timescale -9 -12;
    .port_info 0 /INPUT 1 "clk";
    .port_info 1 /INPUT 1 "rst";
    .port_info 2 /OUTPUT 16 "C3";
v000001a0963d7200_0 .var "C3", 15 0;
o000001a096466f58 .functor BUFZ 1, C4<z>; HiZ drive
v000001a0963d7420_0 .net "clk", 0 0, o000001a096466f58;  0 drivers
o000001a096466f88 .functor BUFZ 1, C4<z>; HiZ drive
v000001a0963d6e40_0 .net "rst", 0 0, o000001a096466f88;  0 drivers
E_000001a0963d8bb0 .event posedge, v000001a0963d6e40_0, v000001a0963d7420_0;
    .scope S_000001a0963d6cb0;
T_0 ;
    %wait E_000001a0963d8bb0;
    %load/vec4 v000001a0963d6e40_0;
    %flag_set/vec4 8;
    %jmp/0xz  T_0.0, 8;
    %pushi/vec4 43690, 0, 16;
    %assign/vec4 v000001a0963d7200_0, 0;
    %jmp T_0.1;
T_0.0 ;
    %load/vec4 v000001a0963d7200_0;
    %parti/s 1, 15, 5;
    %load/vec4 v000001a0963d7200_0;
    %parti/s 1, 14, 5;
    %xor;
    %load/vec4 v000001a0963d7200_0;
    %parti/s 1, 1, 2;
    %xor;
    %load/vec4 v000001a0963d7200_0;
    %parti/s 15, 1, 2;
    %concat/vec4; draw_concat_vec4
    %assign/vec4 v000001a0963d7200_0, 0;
T_0.1 ;
    %jmp T_0;
    .thread T_0;
# The file index is used to find the file name in the following table.
:file_names 3;
    "N/A";
    "<interactive>";
    "lfsr.v";
